<?xml version="1.0" encoding="UTF-8"?>
<testsuite name="com.radhe.service.EntityServiceImplTest" tests="3" skipped="0" failures="0" errors="0" timestamp="2023-02-13T10:36:34" hostname="DESKTOP-NMD5HO7" time="0.083">
  <properties/>
  <testcase name="testStartExistingEntitiesTracking()" classname="com.radhe.service.EntityServiceImplTest" time="0.064"/>
  <testcase name="testStartTracking()" classname="com.radhe.service.EntityServiceImplTest" time="0.005"/>
  <testcase name="testStopTracking()" classname="com.radhe.service.EntityServiceImplTest" time="0.007"/>
  <system-out><![CDATA[]]></system-out>
  <system-err><![CDATA[SLF4J: Failed to load class "org.slf4j.impl.StaticLoggerBinder".
SLF4J: Defaulting to no-operation (NOP) logger implementation
SLF4J: See http://www.slf4j.org/codes.html#StaticLoggerBinder for further details.
]]></system-err>
</testsuite>
